<?xml version="1.0" encoding="UTF-8"?>
<!-- Generated by org.testng.reporters.JUnitXMLReporter -->
<testsuite ignored="0" hostname="DESKTOP-FPHIKD9" failures="0" tests="3" name="Default test" time="0.477" errors="0" timestamp="2024-04-23T16:07:38 IST">
  <testcase classname="com.qa.base.BaseTest" name="@BeforeTest setUp" time="-1.713868657947E9">
    <failure type="org.testng.TestNGException" message="
Parameter &amp;apos;baseURI&amp;apos; is required by BeforeTest on method setUp but has not been marked @Optional or defined
in C:\Users\UTKARSH\AppData\Local\Temp\testng-eclipse--1660246497\testng-customsuite.xml">
      <![CDATA[org.testng.TestNGException: 
Parameter 'baseURI' is required by BeforeTest on method setUp but has not been marked @Optional or defined
in C:\Users\UTKARSH\AppData\Local\Temp\testng-eclipse--1660246497\testng-customsuite.xml
at org.testng.internal.Parameters.createParams(Parameters.java:289)
at org.testng.internal.Parameters.createParametersForMethod(Parameters.java:377)
at org.testng.internal.Parameters.createParameters(Parameters.java:721)
at org.testng.internal.Parameters.createConfigurationParameters(Parameters.java:164)
at org.testng.internal.ConfigInvoker.invokeConfigurations(ConfigInvoker.java:275)
at org.testng.TestRunner.invokeTestConfigurations(TestRunner.java:623)
at org.testng.TestRunner.beforeRun(TestRunner.java:613)
at org.testng.TestRunner.run(TestRunner.java:584)
at org.testng.SuiteRunner.runTest(SuiteRunner.java:402)
at org.testng.SuiteRunner.runSequentially(SuiteRunner.java:396)
at org.testng.SuiteRunner.privateRun(SuiteRunner.java:355)
at org.testng.SuiteRunner.run(SuiteRunner.java:304)
at org.testng.SuiteRunnerWorker.runSuite(SuiteRunnerWorker.java:53)
at org.testng.SuiteRunnerWorker.run(SuiteRunnerWorker.java:96)
at org.testng.TestNG.runSuitesSequentially(TestNG.java:1180)
at org.testng.TestNG.runSuitesLocally(TestNG.java:1102)
at org.testng.TestNG.runSuites(TestNG.java:1032)
at org.testng.TestNG.run(TestNG.java:1000)
at org.testng.remote.AbstractRemoteTestNG.run(AbstractRemoteTestNG.java:115)
at org.testng.remote.RemoteTestNG.initAndRun(RemoteTestNG.java:251)
at org.testng.remote.RemoteTestNG.main(RemoteTestNG.java:77)
]]>
    </failure>
  </testcase> <!-- @BeforeTest setUp -->
  <testcase classname="com.qa.tests.CreateUserTest" name="@BeforeMethod getUserSetup" time="-1.71386865829E9">
    <skipped/>
  </testcase> <!-- @BeforeMethod getUserSetup -->
  <testcase classname="com.qa.tests.CreateUserTest" name="@BeforeMethod getUserSetup" time="-1.713868658351E9">
    <skipped/>
  </testcase> <!-- @BeforeMethod getUserSetup -->
  <testcase classname="com.qa.tests.CreateUserTest" name="@BeforeMethod getUserSetup" time="-1.713868658374E9">
    <skipped/>
  </testcase> <!-- @BeforeMethod getUserSetup -->
  <testcase classname="com.qa.tests.CreateUserTest" name="createUserTest" time="0.0">
    <skipped/>
  </testcase> <!-- createUserTest -->
  <testcase classname="com.qa.tests.CreateUserTest" name="createUserTest" time="0.0">
    <skipped/>
  </testcase> <!-- createUserTest -->
  <testcase classname="com.qa.tests.CreateUserTest" name="createUserTest" time="0.0">
    <skipped/>
  </testcase> <!-- createUserTest -->
</testsuite> <!-- Default test -->
